[EXPRESS] ◇ injecting env (2) from .env // tip: ⌘ multiple files { path: ['.env.local', '.env'] }
[EXPRESS] Microservicio corriendo en puerto 3000
[FLASK_REC]  * Serving Flask app 'app'
[FLASK_REC]  * Debug mode: on
[FLASK_FAV]  * Serving Flask app 'app'
[FLASK_FAV]  * Debug mode: on
[FLASK_REC] [31m[1mWARNING: This is a development server. Do not use it in a production deployment. Use a production WSGI server instead.[0m
[FLASK_REC]  * Running on http://127.0.0.1:5000
[FLASK_REC] [33mPress CTRL+C to quit[0m
[FLASK_REC]  * Restarting with stat
[FLASK_FAV] [31m[1mWARNING: This is a development server. Do not use it in a production deployment. Use a production WSGI server instead.[0m
[FLASK_FAV]  * Running on http://127.0.0.1:5001
[FLASK_FAV] [33mPress CTRL+C to quit[0m
[FLASK_FAV]  * Restarting with stat
[DJANGO] Watching for file changes with StatReloader
[LARAVEL] 
[LARAVEL]    INFO  Server running on [http://0.0.0.0:8001].  
[LARAVEL] 
[LARAVEL]   Press Ctrl+C to stop the server
[LARAVEL] 
[FLASK_REC]  * Debugger is active!
[FLASK_FAV]  * Debugger is active!
[FLASK_REC]  * Debugger PIN: 100-648-417
[FLASK_FAV]  * Debugger PIN: 998-892-383
[DJANGO] [27/Apr/2026 23:03:55] "GET /api/peliculas/1/ HTTP/1.1" 200 305
[DJANGO] Not Found: /api/peliculas/10/
[DJANGO] [27/Apr/2026 23:03:55] "GET /api/peliculas/10/ HTTP/1.1" 404 49
[FLASK_FAV] 127.0.0.1 - - [27/Apr/2026 18:03:55] "GET /favorites?user_id=1 HTTP/1.1" 200 -
[DJANGO] [27/Apr/2026 23:05:16] "GET /api/peliculas/1/ HTTP/1.1" 200 305
[DJANGO] Not Found: /api/peliculas/10/
[DJANGO] [27/Apr/2026 23:05:16] "GET /api/peliculas/10/ HTTP/1.1" 404 49
[FLASK_FAV] 127.0.0.1 - - [27/Apr/2026 18:05:16] "GET /favorites?user_id=1 HTTP/1.1" 200 -
[LARAVEL]   2026-04-27 18:05:16 /api/favorites ............................. ~ 500.59ms
[FLASK_FAV] 127.0.0.1 - - [27/Apr/2026 18:06:02] "GET /favorites?user_id=10 HTTP/1.1" 200 -
[DJANGO] Not Found: /api/peliculas/10/
[DJANGO] [27/Apr/2026 23:08:23] "GET /api/peliculas/10/ HTTP/1.1" 404 49
[DJANGO] [27/Apr/2026 23:08:40] "GET /api/peliculas/1/ HTTP/1.1" 200 305
[DJANGO] [27/Apr/2026 23:11:48] "GET /api/peliculas/1/ HTTP/1.1" 200 305
[FLASK_FAV] 127.0.0.1 - - [27/Apr/2026 18:11:48] "GET /favorites?user_id=1 HTTP/1.1" 200 -
[LARAVEL]   2026-04-27 18:11:48 /api/favorites ............................... ~ 0.23ms
[DJANGO] [27/Apr/2026 23:11:56] "GET /api/peliculas/1/ HTTP/1.1" 200 305
[FLASK_FAV] 127.0.0.1 - - [27/Apr/2026 18:11:56] "GET /favorites?user_id=1 HTTP/1.1" 200 -
[LARAVEL]   2026-04-27 18:11:56 /api/favorites ............................... ~ 0.23ms
[DJANGO] [27/Apr/2026 23:15:28] "GET /api/peliculas/1/ HTTP/1.1" 200 305
[FLASK_FAV] 127.0.0.1 - - [27/Apr/2026 18:15:28] "GET /favorites?user_id=1 HTTP/1.1" 200 -
[DJANGO] [27/Apr/2026 23:15:28] "GET /api/peliculas/1/ HTTP/1.1" 200 305
[FLASK_FAV] 127.0.0.1 - - [27/Apr/2026 18:15:28] "GET /favorites?user_id=1 HTTP/1.1" 200 -
[LARAVEL]   2026-04-27 18:15:28 /api/favorites ............................... ~ 0.30ms
[LARAVEL]   2026-04-27 18:15:28 /api/favorites ............................... ~ 6.86ms
[DJANGO] [27/Apr/2026 23:17:46] "GET /api/peliculas/1/ HTTP/1.1" 200 305
[FLASK_FAV] 127.0.0.1 - - [27/Apr/2026 18:17:46] "GET /favorites?user_id=1 HTTP/1.1" 200 -
[LARAVEL]   2026-04-27 18:17:46 /api/favorites ............................... ~ 0.25ms
[DJANGO] [27/Apr/2026 23:18:51] "GET /api/peliculas/1/ HTTP/1.1" 200 305
[FLASK_FAV] 127.0.0.1 - - [27/Apr/2026 18:18:51] "GET /favorites?user_id=1 HTTP/1.1" 200 -
[LARAVEL]   2026-04-27 18:18:51 /api/favorites ............................... ~ 0.19ms
[DJANGO] [27/Apr/2026 23:23:21] "GET /api/peliculas/1/ HTTP/1.1" 200 305
[FLASK_FAV] 127.0.0.1 - - [27/Apr/2026 18:23:21] "GET /favorites?user_id=1 HTTP/1.1" 200 -
[LARAVEL]   2026-04-27 18:23:21 /api/favorites ............................... ~ 0.23ms
[DJANGO] [27/Apr/2026 23:23:32] "GET /api/peliculas/1/ HTTP/1.1" 200 305
[FLASK_FAV] 127.0.0.1 - - [27/Apr/2026 18:23:32] "GET /favorites?user_id=1 HTTP/1.1" 200 -
[LARAVEL]   2026-04-27 18:23:32 /api/favorites ............................... ~ 0.22ms
[DJANGO] [27/Apr/2026 23:26:01] "GET /api/peliculas/1/ HTTP/1.1" 200 305
[FLASK_FAV] 127.0.0.1 - - [27/Apr/2026 18:26:01] "GET /favorites?user_id=1 HTTP/1.1" 200 -
[DJANGO] [27/Apr/2026 23:26:01] "GET /api/peliculas/1/ HTTP/1.1" 200 305
[FLASK_FAV] 127.0.0.1 - - [27/Apr/2026 18:26:01] "GET /favorites?user_id=1 HTTP/1.1" 200 -
[LARAVEL]   2026-04-27 18:26:01 /api/favorites ............................... ~ 0.26ms
[LARAVEL]   2026-04-27 18:26:01 /api/favorites ............................... ~ 6.27ms
[DJANGO] [27/Apr/2026 23:26:03] "GET /api/peliculas/1/ HTTP/1.1" 200 305
[FLASK_FAV] 127.0.0.1 - - [27/Apr/2026 18:26:03] "GET /favorites?user_id=1 HTTP/1.1" 200 -
[LARAVEL]   2026-04-27 18:26:03 /api/favorites ............................... ~ 0.23ms
[DJANGO] [27/Apr/2026 23:26:24] "GET /api/peliculas/1/ HTTP/1.1" 200 305
[FLASK_FAV] 127.0.0.1 - - [27/Apr/2026 18:26:24] "GET /favorites?user_id=1 HTTP/1.1" 200 -
[LARAVEL]   2026-04-27 18:26:24 /api/favorites ............................... ~ 0.28ms
[DJANGO] [27/Apr/2026 23:32:21] "GET /api/peliculas/1/ HTTP/1.1" 200 305
[FLASK_FAV] 127.0.0.1 - - [27/Apr/2026 18:32:21] "GET /favorites?user_id=1 HTTP/1.1" 200 -
[LARAVEL]   2026-04-27 18:32:21 /api/favorites ............................... ~ 0.23ms
[DJANGO] [27/Apr/2026 23:32:25] "GET /api/peliculas/1/ HTTP/1.1" 200 305
[FLASK_FAV] 127.0.0.1 - - [27/Apr/2026 18:32:25] "GET /favorites?user_id=1 HTTP/1.1" 200 -
[LARAVEL]   2026-04-27 18:32:25 /api/favorites ............................... ~ 0.26ms
[DJANGO] [27/Apr/2026 23:32:43] "GET /api/peliculas/1/ HTTP/1.1" 200 305
[FLASK_FAV] 127.0.0.1 - - [27/Apr/2026 18:32:43] "GET /favorites?user_id=1 HTTP/1.1" 200 -
[LARAVEL]   2026-04-27 18:32:43 /api/favorites ............................... ~ 0.10ms
[DJANGO] [28/Apr/2026 19:52:16] "GET /api/peliculas/1/ HTTP/1.1" 200 305
[FLASK_FAV] 127.0.0.1 - - [28/Apr/2026 14:52:16] "GET /favorites?user_id=1 HTTP/1.1" 200 -
[LARAVEL]   2026-04-28 14:52:16 /api/favorites ............................... ~ 0.27ms
[DJANGO] [28/Apr/2026 19:52:39] "GET /api/peliculas/1/ HTTP/1.1" 200 305
[FLASK_FAV] 127.0.0.1 - - [28/Apr/2026 14:52:39] "GET /favorites?user_id=1 HTTP/1.1" 200 -
[LARAVEL]   2026-04-28 14:52:39 /api/favorites ............................... ~ 0.29ms
[DJANGO] [28/Apr/2026 19:53:38] "GET /api/peliculas/1/ HTTP/1.1" 200 305
[FLASK_FAV] 127.0.0.1 - - [28/Apr/2026 14:53:38] "GET /favorites?user_id=1 HTTP/1.1" 200 -
[LARAVEL]   2026-04-28 14:53:38 /api/favorites ............................... ~ 0.31ms
[DJANGO] [28/Apr/2026 19:53:55] "GET /api/peliculas/1/ HTTP/1.1" 200 305
[FLASK_FAV] 127.0.0.1 - - [28/Apr/2026 14:53:55] "GET /favorites?user_id=1 HTTP/1.1" 200 -
[LARAVEL]   2026-04-28 14:53:55 /api/favorites ............................. ~ 500.87ms
[DJANGO] [28/Apr/2026 19:54:10] "GET /api/peliculas/1/ HTTP/1.1" 200 305
[FLASK_FAV] 127.0.0.1 - - [28/Apr/2026 14:54:10] "GET /favorites?user_id=1 HTTP/1.1" 200 -
[LARAVEL]   2026-04-28 14:54:10 /api/favorites ............................. ~ 500.88ms
[DJANGO] [28/Apr/2026 20:04:04] "GET /api/peliculas/1/ HTTP/1.1" 200 385
[FLASK_FAV] 127.0.0.1 - - [28/Apr/2026 15:04:04] "GET /favorites?user_id=1 HTTP/1.1" 200 -
[LARAVEL]   2026-04-28 15:04:04 /api/favorites ............................... ~ 0.28ms
[DJANGO] [28/Apr/2026 20:28:58] "GET /api/peliculas/1/ HTTP/1.1" 200 385
[FLASK_FAV] 127.0.0.1 - - [28/Apr/2026 15:28:58] "GET /favorites?user_id=1 HTTP/1.1" 200 -
[LARAVEL]   2026-04-28 15:28:58 /api/favorites ............................... ~ 0.13ms
[FLASK_FAV] 127.0.0.1 - - [28/Apr/2026 15:29:11] "[35m[1mPOST /favorites HTTP/1.1[0m" 500 -
[FLASK_FAV] Traceback (most recent call last):
[FLASK_FAV]   File "/home/aevd4123/Documentos/proyecto_movil/microservicio-favoritos/venv/lib/python3.12/site-packages/sqlalchemy/engine/base.py", line 1967, in _exec_single_context
[FLASK_FAV]     self.dialect.do_execute(
[FLASK_FAV]   File "/home/aevd4123/Documentos/proyecto_movil/microservicio-favoritos/venv/lib/python3.12/site-packages/sqlalchemy/engine/default.py", line 952, in do_execute
[FLASK_FAV]     cursor.execute(statement, parameters)
[FLASK_FAV]   File "/home/aevd4123/Documentos/proyecto_movil/microservicio-favoritos/venv/lib/python3.12/site-packages/pymysql/cursors.py", line 153, in execute
[FLASK_FAV]     result = self._query(query)
[FLASK_FAV]              ^^^^^^^^^^^^^^^^^^
[FLASK_FAV]   File "/home/aevd4123/Documentos/proyecto_movil/microservicio-favoritos/venv/lib/python3.12/site-packages/pymysql/cursors.py", line 322, in _query
[FLASK_FAV]     conn.query(q)
[FLASK_FAV]   File "/home/aevd4123/Documentos/proyecto_movil/microservicio-favoritos/venv/lib/python3.12/site-packages/pymysql/connections.py", line 575, in query
[FLASK_FAV]     self._affected_rows = self._read_query_result(unbuffered=unbuffered)
[FLASK_FAV]                           ^^^^^^^^^^^^^^^^^^^^^^^^^^^^^^^^^^^^^^^^^^^^^^
[FLASK_FAV]   File "/home/aevd4123/Documentos/proyecto_movil/microservicio-favoritos/venv/lib/python3.12/site-packages/pymysql/connections.py", line 826, in _read_query_result
[FLASK_FAV]     result.read()
[FLASK_FAV]   File "/home/aevd4123/Documentos/proyecto_movil/microservicio-favoritos/venv/lib/python3.12/site-packages/pymysql/connections.py", line 1203, in read
[FLASK_FAV]     first_packet = self.connection._read_packet()
[FLASK_FAV]                    ^^^^^^^^^^^^^^^^^^^^^^^^^^^^^^
[FLASK_FAV]   File "/home/aevd4123/Documentos/proyecto_movil/microservicio-favoritos/venv/lib/python3.12/site-packages/pymysql/connections.py", line 782, in _read_packet
[FLASK_FAV]     packet.raise_for_error()
[FLASK_FAV]   File "/home/aevd4123/Documentos/proyecto_movil/microservicio-favoritos/venv/lib/python3.12/site-packages/pymysql/protocol.py", line 219, in raise_for_error
[FLASK_FAV]     err.raise_mysql_exception(self._data)
[FLASK_FAV]   File "/home/aevd4123/Documentos/proyecto_movil/microservicio-favoritos/venv/lib/python3.12/site-packages/pymysql/err.py", line 150, in raise_mysql_exception
[FLASK_FAV]     raise errorclass(errno, errval)
[FLASK_FAV] pymysql.err.DataError: (1366, "Incorrect integer value: 'tt0120663' for column 'movie_id' at row 1")
[FLASK_FAV] 
[FLASK_FAV] The above exception was the direct cause of the following exception:
[FLASK_FAV] 
[FLASK_FAV] Traceback (most recent call last):
[FLASK_FAV]   File "/home/aevd4123/Documentos/proyecto_movil/microservicio-favoritos/venv/lib/python3.12/site-packages/flask/app.py", line 1536, in __call__
[FLASK_FAV]     return self.wsgi_app(environ, start_response)
[FLASK_FAV]            ^^^^^^^^^^^^^^^^^^^^^^^^^^^^^^^^^^^^^^
[FLASK_FAV]   File "/home/aevd4123/Documentos/proyecto_movil/microservicio-favoritos/venv/lib/python3.12/site-packages/flask/app.py", line 1514, in wsgi_app
[FLASK_FAV]     response = self.handle_exception(e)
[FLASK_FAV]                ^^^^^^^^^^^^^^^^^^^^^^^^
[FLASK_FAV]   File "/home/aevd4123/Documentos/proyecto_movil/microservicio-favoritos/venv/lib/python3.12/site-packages/flask/app.py", line 1511, in wsgi_app
[FLASK_FAV]     response = self.full_dispatch_request()
[FLASK_FAV]                ^^^^^^^^^^^^^^^^^^^^^^^^^^^^
[FLASK_FAV]   File "/home/aevd4123/Documentos/proyecto_movil/microservicio-favoritos/venv/lib/python3.12/site-packages/flask/app.py", line 919, in full_dispatch_request
[FLASK_FAV]     rv = self.handle_user_exception(e)
[FLASK_FAV]          ^^^^^^^^^^^^^^^^^^^^^^^^^^^^^
[FLASK_FAV]   File "/home/aevd4123/Documentos/proyecto_movil/microservicio-favoritos/venv/lib/python3.12/site-packages/flask/app.py", line 917, in full_dispatch_request
[FLASK_FAV]     rv = self.dispatch_request()
[FLASK_FAV]          ^^^^^^^^^^^^^^^^^^^^^^^
[FLASK_FAV]   File "/home/aevd4123/Documentos/proyecto_movil/microservicio-favoritos/venv/lib/python3.12/site-packages/flask/app.py", line 902, in dispatch_request
[FLASK_FAV]     return self.ensure_sync(self.view_functions[rule.endpoint])(**view_args)  # type: ignore[no-any-return]
[FLASK_FAV]            ^^^^^^^^^^^^^^^^^^^^^^^^^^^^^^^^^^^^^^^^^^^^^^^^^^^^^^^^^^^^^^^^^^^^^^^^^^^^^^^^^^^^^^^^^^^^^^^^
[FLASK_FAV]   File "/home/aevd4123/Documentos/proyecto_movil/microservicio-favoritos/app.py", line 70, in add_favorite
[FLASK_FAV]     db.session.commit()
[FLASK_FAV]   File "/home/aevd4123/Documentos/proyecto_movil/microservicio-favoritos/venv/lib/python3.12/site-packages/sqlalchemy/orm/scoping.py", line 597, in commit
[FLASK_FAV]     return self._proxied.commit()
[FLASK_FAV]            ^^^^^^^^^^^^^^^^^^^^^^
[FLASK_FAV]   File "/home/aevd4123/Documentos/proyecto_movil/microservicio-favoritos/venv/lib/python3.12/site-packages/sqlalchemy/orm/session.py", line 2030, in commit
[FLASK_FAV]     trans.commit(_to_root=True)
[FLASK_FAV]   File "<string>", line 2, in commit
[FLASK_FAV]   File "/home/aevd4123/Documentos/proyecto_movil/microservicio-favoritos/venv/lib/python3.12/site-packages/sqlalchemy/orm/state_changes.py", line 137, in _go
[FLASK_FAV]     ret_value = fn(self, *arg, **kw)
[FLASK_FAV]                 ^^^^^^^^^^^^^^^^^^^^
[FLASK_FAV]   File "/home/aevd4123/Documentos/proyecto_movil/microservicio-favoritos/venv/lib/python3.12/site-packages/sqlalchemy/orm/session.py", line 1311, in commit
[FLASK_FAV]     self._prepare_impl()
[FLASK_FAV]   File "<string>", line 2, in _prepare_impl
[FLASK_FAV]   File "/home/aevd4123/Documentos/proyecto_movil/microservicio-favoritos/venv/lib/python3.12/site-packages/sqlalchemy/orm/state_changes.py", line 137, in _go
[FLASK_FAV]     ret_value = fn(self, *arg, **kw)
[FLASK_FAV]                 ^^^^^^^^^^^^^^^^^^^^
[FLASK_FAV]   File "/home/aevd4123/Documentos/proyecto_movil/microservicio-favoritos/venv/lib/python3.12/site-packages/sqlalchemy/orm/session.py", line 1286, in _prepare_impl
[FLASK_FAV]     self.session.flush()
[FLASK_FAV]   File "/home/aevd4123/Documentos/proyecto_movil/microservicio-favoritos/venv/lib/python3.12/site-packages/sqlalchemy/orm/session.py", line 4331, in flush
[FLASK_FAV]     self._flush(objects)
[FLASK_FAV]   File "/home/aevd4123/Documentos/proyecto_movil/microservicio-favoritos/venv/lib/python3.12/site-packages/sqlalchemy/orm/session.py", line 4466, in _flush
[FLASK_FAV]     with util.safe_reraise():
[FLASK_FAV]   File "/home/aevd4123/Documentos/proyecto_movil/microservicio-favoritos/venv/lib/python3.12/site-packages/sqlalchemy/util/langhelpers.py", line 121, in __exit__
[FLASK_FAV]     raise exc_value.with_traceback(exc_tb)
[FLASK_FAV]   File "/home/aevd4123/Documentos/proyecto_movil/microservicio-favoritos/venv/lib/python3.12/site-packages/sqlalchemy/orm/session.py", line 4427, in _flush
[FLASK_FAV]     flush_context.execute()
[FLASK_FAV]   File "/home/aevd4123/Documentos/proyecto_movil/microservicio-favoritos/venv/lib/python3.12/site-packages/sqlalchemy/orm/unitofwork.py", line 466, in execute
[FLASK_FAV]     rec.execute(self)
[FLASK_FAV]   File "/home/aevd4123/Documentos/proyecto_movil/microservicio-favoritos/venv/lib/python3.12/site-packages/sqlalchemy/orm/unitofwork.py", line 642, in execute
[FLASK_FAV]     util.preloaded.orm_persistence.save_obj(
[FLASK_FAV]   File "/home/aevd4123/Documentos/proyecto_movil/microservicio-favoritos/venv/lib/python3.12/site-packages/sqlalchemy/orm/persistence.py", line 93, in save_obj
[FLASK_FAV]     _emit_insert_statements(
[FLASK_FAV]   File "/home/aevd4123/Documentos/proyecto_movil/microservicio-favoritos/venv/lib/python3.12/site-packages/sqlalchemy/orm/persistence.py", line 1233, in _emit_insert_statements
[FLASK_FAV]     result = connection.execute(
[FLASK_FAV]              ^^^^^^^^^^^^^^^^^^^
[FLASK_FAV]   File "/home/aevd4123/Documentos/proyecto_movil/microservicio-favoritos/venv/lib/python3.12/site-packages/sqlalchemy/engine/base.py", line 1419, in execute
[FLASK_FAV]     return meth(
[FLASK_FAV]            ^^^^^
[FLASK_FAV]   File "/home/aevd4123/Documentos/proyecto_movil/microservicio-favoritos/venv/lib/python3.12/site-packages/sqlalchemy/sql/elements.py", line 527, in _execute_on_connection
[FLASK_FAV]     return connection._execute_clauseelement(
[FLASK_FAV]            ^^^^^^^^^^^^^^^^^^^^^^^^^^^^^^^^^^
[FLASK_FAV]   File "/home/aevd4123/Documentos/proyecto_movil/microservicio-favoritos/venv/lib/python3.12/site-packages/sqlalchemy/engine/base.py", line 1641, in _execute_clauseelement
[FLASK_FAV]     ret = self._execute_context(
[FLASK_FAV]           ^^^^^^^^^^^^^^^^^^^^^^
[FLASK_FAV]   File "/home/aevd4123/Documentos/proyecto_movil/microservicio-favoritos/venv/lib/python3.12/site-packages/sqlalchemy/engine/base.py", line 1846, in _execute_context
[FLASK_FAV]     return self._exec_single_context(
[FLASK_FAV]            ^^^^^^^^^^^^^^^^^^^^^^^^^^
[FLASK_FAV]   File "/home/aevd4123/Documentos/proyecto_movil/microservicio-favoritos/venv/lib/python3.12/site-packages/sqlalchemy/engine/base.py", line 1986, in _exec_single_context
[FLASK_FAV]     self._handle_dbapi_exception(
[FLASK_FAV]   File "/home/aevd4123/Documentos/proyecto_movil/microservicio-favoritos/venv/lib/python3.12/site-packages/sqlalchemy/engine/base.py", line 2363, in _handle_dbapi_exception
[FLASK_FAV]     raise sqlalchemy_exception.with_traceback(exc_info[2]) from e
[FLASK_FAV]   File "/home/aevd4123/Documentos/proyecto_movil/microservicio-favoritos/venv/lib/python3.12/site-packages/sqlalchemy/engine/base.py", line 1967, in _exec_single_context
[FLASK_FAV]     self.dialect.do_execute(
[FLASK_FAV]   File "/home/aevd4123/Documentos/proyecto_movil/microservicio-favoritos/venv/lib/python3.12/site-packages/sqlalchemy/engine/default.py", line 952, in do_execute
[FLASK_FAV]     cursor.execute(statement, parameters)
[FLASK_FAV]   File "/home/aevd4123/Documentos/proyecto_movil/microservicio-favoritos/venv/lib/python3.12/site-packages/pymysql/cursors.py", line 153, in execute
[FLASK_FAV]     result = self._query(query)
[FLASK_FAV]              ^^^^^^^^^^^^^^^^^^
[FLASK_FAV]   File "/home/aevd4123/Documentos/proyecto_movil/microservicio-favoritos/venv/lib/python3.12/site-packages/pymysql/cursors.py", line 322, in _query
[FLASK_FAV]     conn.query(q)
[FLASK_FAV]   File "/home/aevd4123/Documentos/proyecto_movil/microservicio-favoritos/venv/lib/python3.12/site-packages/pymysql/connections.py", line 575, in query
[FLASK_FAV]     self._affected_rows = self._read_query_result(unbuffered=unbuffered)
[FLASK_FAV]                           ^^^^^^^^^^^^^^^^^^^^^^^^^^^^^^^^^^^^^^^^^^^^^^
[FLASK_FAV]   File "/home/aevd4123/Documentos/proyecto_movil/microservicio-favoritos/venv/lib/python3.12/site-packages/pymysql/connections.py", line 826, in _read_query_result
[FLASK_FAV]     result.read()
[FLASK_FAV]   File "/home/aevd4123/Documentos/proyecto_movil/microservicio-favoritos/venv/lib/python3.12/site-packages/pymysql/connections.py", line 1203, in read
[FLASK_FAV]     first_packet = self.connection._read_packet()
[FLASK_FAV]                    ^^^^^^^^^^^^^^^^^^^^^^^^^^^^^^
[FLASK_FAV]   File "/home/aevd4123/Documentos/proyecto_movil/microservicio-favoritos/venv/lib/python3.12/site-packages/pymysql/connections.py", line 782, in _read_packet
[FLASK_FAV]     packet.raise_for_error()
[FLASK_FAV]   File "/home/aevd4123/Documentos/proyecto_movil/microservicio-favoritos/venv/lib/python3.12/site-packages/pymysql/protocol.py", line 219, in raise_for_error
[FLASK_FAV]     err.raise_mysql_exception(self._data)
[FLASK_FAV]   File "/home/aevd4123/Documentos/proyecto_movil/microservicio-favoritos/venv/lib/python3.12/site-packages/pymysql/err.py", line 150, in raise_mysql_exception
[FLASK_FAV]     raise errorclass(errno, errval)
[FLASK_FAV] sqlalchemy.exc.DataError: (pymysql.err.DataError) (1366, "Incorrect integer value: 'tt0120663' for column 'movie_id' at row 1")
[FLASK_FAV] [SQL: INSERT INTO user_favorites (user_id, movie_id, created_at) VALUES (%(user_id)s, %(movie_id)s, %(created_at)s)]
[FLASK_FAV] [parameters: {'user_id': 1, 'movie_id': 'tt0120663', 'created_at': datetime.datetime(2026, 4, 28, 20, 29, 11, 189621)}]
[FLASK_FAV] (Background on this error at: https://sqlalche.me/e/20/9h9h)
[LARAVEL]   2026-04-28 15:29:11 /api/favorites ............................... ~ 0.24ms
[FLASK_FAV] 127.0.0.1 - - [28/Apr/2026 15:29:14] "[35m[1mPOST /favorites HTTP/1.1[0m" 500 -
[FLASK_FAV] Traceback (most recent call last):
[FLASK_FAV]   File "/home/aevd4123/Documentos/proyecto_movil/microservicio-favoritos/venv/lib/python3.12/site-packages/sqlalchemy/engine/base.py", line 1967, in _exec_single_context
[FLASK_FAV]     self.dialect.do_execute(
[FLASK_FAV]   File "/home/aevd4123/Documentos/proyecto_movil/microservicio-favoritos/venv/lib/python3.12/site-packages/sqlalchemy/engine/default.py", line 952, in do_execute
[FLASK_FAV]     cursor.execute(statement, parameters)
[FLASK_FAV]   File "/home/aevd4123/Documentos/proyecto_movil/microservicio-favoritos/venv/lib/python3.12/site-packages/pymysql/cursors.py", line 153, in execute
[FLASK_FAV]     result = self._query(query)
[FLASK_FAV]              ^^^^^^^^^^^^^^^^^^
[FLASK_FAV]   File "/home/aevd4123/Documentos/proyecto_movil/microservicio-favoritos/venv/lib/python3.12/site-packages/pymysql/cursors.py", line 322, in _query
[FLASK_FAV]     conn.query(q)
[FLASK_FAV]   File "/home/aevd4123/Documentos/proyecto_movil/microservicio-favoritos/venv/lib/python3.12/site-packages/pymysql/connections.py", line 575, in query
[FLASK_FAV]     self._affected_rows = self._read_query_result(unbuffered=unbuffered)
[FLASK_FAV]                           ^^^^^^^^^^^^^^^^^^^^^^^^^^^^^^^^^^^^^^^^^^^^^^
[FLASK_FAV]   File "/home/aevd4123/Documentos/proyecto_movil/microservicio-favoritos/venv/lib/python3.12/site-packages/pymysql/connections.py", line 826, in _read_query_result
[FLASK_FAV]     result.read()
[FLASK_FAV]   File "/home/aevd4123/Documentos/proyecto_movil/microservicio-favoritos/venv/lib/python3.12/site-packages/pymysql/connections.py", line 1203, in read
[FLASK_FAV]     first_packet = self.connection._read_packet()
[FLASK_FAV]                    ^^^^^^^^^^^^^^^^^^^^^^^^^^^^^^
[FLASK_FAV]   File "/home/aevd4123/Documentos/proyecto_movil/microservicio-favoritos/venv/lib/python3.12/site-packages/pymysql/connections.py", line 782, in _read_packet
[FLASK_FAV]     packet.raise_for_error()
[FLASK_FAV]   File "/home/aevd4123/Documentos/proyecto_movil/microservicio-favoritos/venv/lib/python3.12/site-packages/pymysql/protocol.py", line 219, in raise_for_error
[FLASK_FAV]     err.raise_mysql_exception(self._data)
[FLASK_FAV]   File "/home/aevd4123/Documentos/proyecto_movil/microservicio-favoritos/venv/lib/python3.12/site-packages/pymysql/err.py", line 150, in raise_mysql_exception
[FLASK_FAV]     raise errorclass(errno, errval)
[FLASK_FAV] pymysql.err.DataError: (1366, "Incorrect integer value: 'tt0120663' for column 'movie_id' at row 1")
[FLASK_FAV] 
[FLASK_FAV] The above exception was the direct cause of the following exception:
[FLASK_FAV] 
[FLASK_FAV] Traceback (most recent call last):
[FLASK_FAV]   File "/home/aevd4123/Documentos/proyecto_movil/microservicio-favoritos/venv/lib/python3.12/site-packages/flask/app.py", line 1536, in __call__
[FLASK_FAV]     return self.wsgi_app(environ, start_response)
[FLASK_FAV]            ^^^^^^^^^^^^^^^^^^^^^^^^^^^^^^^^^^^^^^
[FLASK_FAV]   File "/home/aevd4123/Documentos/proyecto_movil/microservicio-favoritos/venv/lib/python3.12/site-packages/flask/app.py", line 1514, in wsgi_app
[FLASK_FAV]     response = self.handle_exception(e)
[FLASK_FAV]                ^^^^^^^^^^^^^^^^^^^^^^^^
[FLASK_FAV]   File "/home/aevd4123/Documentos/proyecto_movil/microservicio-favoritos/venv/lib/python3.12/site-packages/flask/app.py", line 1511, in wsgi_app
[FLASK_FAV]     response = self.full_dispatch_request()
[FLASK_FAV]                ^^^^^^^^^^^^^^^^^^^^^^^^^^^^
[FLASK_FAV]   File "/home/aevd4123/Documentos/proyecto_movil/microservicio-favoritos/venv/lib/python3.12/site-packages/flask/app.py", line 919, in full_dispatch_request
[FLASK_FAV]     rv = self.handle_user_exception(e)
[FLASK_FAV]          ^^^^^^^^^^^^^^^^^^^^^^^^^^^^^
[FLASK_FAV]   File "/home/aevd4123/Documentos/proyecto_movil/microservicio-favoritos/venv/lib/python3.12/site-packages/flask/app.py", line 917, in full_dispatch_request
[FLASK_FAV]     rv = self.dispatch_request()
[FLASK_FAV]          ^^^^^^^^^^^^^^^^^^^^^^^
[FLASK_FAV]   File "/home/aevd4123/Documentos/proyecto_movil/microservicio-favoritos/venv/lib/python3.12/site-packages/flask/app.py", line 902, in dispatch_request
[FLASK_FAV]     return self.ensure_sync(self.view_functions[rule.endpoint])(**view_args)  # type: ignore[no-any-return]
[FLASK_FAV]            ^^^^^^^^^^^^^^^^^^^^^^^^^^^^^^^^^^^^^^^^^^^^^^^^^^^^^^^^^^^^^^^^^^^^^^^^^^^^^^^^^^^^^^^^^^^^^^^^
[FLASK_FAV]   File "/home/aevd4123/Documentos/proyecto_movil/microservicio-favoritos/app.py", line 70, in add_favorite
[FLASK_FAV]     db.session.commit()
[FLASK_FAV]   File "/home/aevd4123/Documentos/proyecto_movil/microservicio-favoritos/venv/lib/python3.12/site-packages/sqlalchemy/orm/scoping.py", line 597, in commit
[FLASK_FAV]     return self._proxied.commit()
[FLASK_FAV]            ^^^^^^^^^^^^^^^^^^^^^^
[FLASK_FAV]   File "/home/aevd4123/Documentos/proyecto_movil/microservicio-favoritos/venv/lib/python3.12/site-packages/sqlalchemy/orm/session.py", line 2030, in commit
[FLASK_FAV]     trans.commit(_to_root=True)
[FLASK_FAV]   File "<string>", line 2, in commit
[FLASK_FAV]   File "/home/aevd4123/Documentos/proyecto_movil/microservicio-favoritos/venv/lib/python3.12/site-packages/sqlalchemy/orm/state_changes.py", line 137, in _go
[FLASK_FAV]     ret_value = fn(self, *arg, **kw)
[FLASK_FAV]                 ^^^^^^^^^^^^^^^^^^^^
[FLASK_FAV]   File "/home/aevd4123/Documentos/proyecto_movil/microservicio-favoritos/venv/lib/python3.12/site-packages/sqlalchemy/orm/session.py", line 1311, in commit
[FLASK_FAV]     self._prepare_impl()
[FLASK_FAV]   File "<string>", line 2, in _prepare_impl
[FLASK_FAV]   File "/home/aevd4123/Documentos/proyecto_movil/microservicio-favoritos/venv/lib/python3.12/site-packages/sqlalchemy/orm/state_changes.py", line 137, in _go
[FLASK_FAV]     ret_value = fn(self, *arg, **kw)
[FLASK_FAV]                 ^^^^^^^^^^^^^^^^^^^^
[FLASK_FAV]   File "/home/aevd4123/Documentos/proyecto_movil/microservicio-favoritos/venv/lib/python3.12/site-packages/sqlalchemy/orm/session.py", line 1286, in _prepare_impl
[FLASK_FAV]     self.session.flush()
[FLASK_FAV]   File "/home/aevd4123/Documentos/proyecto_movil/microservicio-favoritos/venv/lib/python3.12/site-packages/sqlalchemy/orm/session.py", line 4331, in flush
[FLASK_FAV]     self._flush(objects)
[FLASK_FAV]   File "/home/aevd4123/Documentos/proyecto_movil/microservicio-favoritos/venv/lib/python3.12/site-packages/sqlalchemy/orm/session.py", line 4466, in _flush
[FLASK_FAV]     with util.safe_reraise():
[FLASK_FAV]   File "/home/aevd4123/Documentos/proyecto_movil/microservicio-favoritos/venv/lib/python3.12/site-packages/sqlalchemy/util/langhelpers.py", line 121, in __exit__
[FLASK_FAV]     raise exc_value.with_traceback(exc_tb)
[FLASK_FAV]   File "/home/aevd4123/Documentos/proyecto_movil/microservicio-favoritos/venv/lib/python3.12/site-packages/sqlalchemy/orm/session.py", line 4427, in _flush
[FLASK_FAV]     flush_context.execute()
[FLASK_FAV]   File "/home/aevd4123/Documentos/proyecto_movil/microservicio-favoritos/venv/lib/python3.12/site-packages/sqlalchemy/orm/unitofwork.py", line 466, in execute
[FLASK_FAV]     rec.execute(self)
[FLASK_FAV]   File "/home/aevd4123/Documentos/proyecto_movil/microservicio-favoritos/venv/lib/python3.12/site-packages/sqlalchemy/orm/unitofwork.py", line 642, in execute
[FLASK_FAV]     util.preloaded.orm_persistence.save_obj(
[FLASK_FAV]   File "/home/aevd4123/Documentos/proyecto_movil/microservicio-favoritos/venv/lib/python3.12/site-packages/sqlalchemy/orm/persistence.py", line 93, in save_obj
[FLASK_FAV]     _emit_insert_statements(
[FLASK_FAV]   File "/home/aevd4123/Documentos/proyecto_movil/microservicio-favoritos/venv/lib/python3.12/site-packages/sqlalchemy/orm/persistence.py", line 1233, in _emit_insert_statements
[FLASK_FAV]     result = connection.execute(
[FLASK_FAV]              ^^^^^^^^^^^^^^^^^^^
[FLASK_FAV]   File "/home/aevd4123/Documentos/proyecto_movil/microservicio-favoritos/venv/lib/python3.12/site-packages/sqlalchemy/engine/base.py", line 1419, in execute
[FLASK_FAV]     return meth(
[FLASK_FAV]            ^^^^^
[FLASK_FAV]   File "/home/aevd4123/Documentos/proyecto_movil/microservicio-favoritos/venv/lib/python3.12/site-packages/sqlalchemy/sql/elements.py", line 527, in _execute_on_connection
[FLASK_FAV]     return connection._execute_clauseelement(
[FLASK_FAV]            ^^^^^^^^^^^^^^^^^^^^^^^^^^^^^^^^^^
[FLASK_FAV]   File "/home/aevd4123/Documentos/proyecto_movil/microservicio-favoritos/venv/lib/python3.12/site-packages/sqlalchemy/engine/base.py", line 1641, in _execute_clauseelement
[FLASK_FAV]     ret = self._execute_context(
[FLASK_FAV]           ^^^^^^^^^^^^^^^^^^^^^^
[FLASK_FAV]   File "/home/aevd4123/Documentos/proyecto_movil/microservicio-favoritos/venv/lib/python3.12/site-packages/sqlalchemy/engine/base.py", line 1846, in _execute_context
[FLASK_FAV]     return self._exec_single_context(
[FLASK_FAV]            ^^^^^^^^^^^^^^^^^^^^^^^^^^
[FLASK_FAV]   File "/home/aevd4123/Documentos/proyecto_movil/microservicio-favoritos/venv/lib/python3.12/site-packages/sqlalchemy/engine/base.py", line 1986, in _exec_single_context
[FLASK_FAV]     self._handle_dbapi_exception(
[FLASK_FAV]   File "/home/aevd4123/Documentos/proyecto_movil/microservicio-favoritos/venv/lib/python3.12/site-packages/sqlalchemy/engine/base.py", line 2363, in _handle_dbapi_exception
[FLASK_FAV]     raise sqlalchemy_exception.with_traceback(exc_info[2]) from e
[FLASK_FAV]   File "/home/aevd4123/Documentos/proyecto_movil/microservicio-favoritos/venv/lib/python3.12/site-packages/sqlalchemy/engine/base.py", line 1967, in _exec_single_context
[FLASK_FAV]     self.dialect.do_execute(
[FLASK_FAV]   File "/home/aevd4123/Documentos/proyecto_movil/microservicio-favoritos/venv/lib/python3.12/site-packages/sqlalchemy/engine/default.py", line 952, in do_execute
[FLASK_FAV]     cursor.execute(statement, parameters)
[FLASK_FAV]   File "/home/aevd4123/Documentos/proyecto_movil/microservicio-favoritos/venv/lib/python3.12/site-packages/pymysql/cursors.py", line 153, in execute
[FLASK_FAV]     result = self._query(query)
[FLASK_FAV]              ^^^^^^^^^^^^^^^^^^
[FLASK_FAV]   File "/home/aevd4123/Documentos/proyecto_movil/microservicio-favoritos/venv/lib/python3.12/site-packages/pymysql/cursors.py", line 322, in _query
[FLASK_FAV]     conn.query(q)
[FLASK_FAV]   File "/home/aevd4123/Documentos/proyecto_movil/microservicio-favoritos/venv/lib/python3.12/site-packages/pymysql/connections.py", line 575, in query
[FLASK_FAV]     self._affected_rows = self._read_query_result(unbuffered=unbuffered)
[FLASK_FAV]                           ^^^^^^^^^^^^^^^^^^^^^^^^^^^^^^^^^^^^^^^^^^^^^^
[FLASK_FAV]   File "/home/aevd4123/Documentos/proyecto_movil/microservicio-favoritos/venv/lib/python3.12/site-packages/pymysql/connections.py", line 826, in _read_query_result
[FLASK_FAV]     result.read()
[FLASK_FAV]   File "/home/aevd4123/Documentos/proyecto_movil/microservicio-favoritos/venv/lib/python3.12/site-packages/pymysql/connections.py", line 1203, in read
[FLASK_FAV]     first_packet = self.connection._read_packet()
[FLASK_FAV]                    ^^^^^^^^^^^^^^^^^^^^^^^^^^^^^^
[FLASK_FAV]   File "/home/aevd4123/Documentos/proyecto_movil/microservicio-favoritos/venv/lib/python3.12/site-packages/pymysql/connections.py", line 782, in _read_packet
[FLASK_FAV]     packet.raise_for_error()
[FLASK_FAV]   File "/home/aevd4123/Documentos/proyecto_movil/microservicio-favoritos/venv/lib/python3.12/site-packages/pymysql/protocol.py", line 219, in raise_for_error
[FLASK_FAV]     err.raise_mysql_exception(self._data)
[FLASK_FAV]   File "/home/aevd4123/Documentos/proyecto_movil/microservicio-favoritos/venv/lib/python3.12/site-packages/pymysql/err.py", line 150, in raise_mysql_exception
[FLASK_FAV]     raise errorclass(errno, errval)
[FLASK_FAV] sqlalchemy.exc.DataError: (pymysql.err.DataError) (1366, "Incorrect integer value: 'tt0120663' for column 'movie_id' at row 1")
[FLASK_FAV] [SQL: INSERT INTO user_favorites (user_id, movie_id, created_at) VALUES (%(user_id)s, %(movie_id)s, %(created_at)s)]
[FLASK_FAV] [parameters: {'user_id': 1, 'movie_id': 'tt0120663', 'created_at': datetime.datetime(2026, 4, 28, 20, 29, 14, 361143)}]
[FLASK_FAV] (Background on this error at: https://sqlalche.me/e/20/9h9h)
[LARAVEL]   2026-04-28 15:29:14 /api/favorites ............................... ~ 0.28ms
[DJANGO] [28/Apr/2026 20:34:00] "GET /api/peliculas/1/ HTTP/1.1" 200 385
[FLASK_FAV] 127.0.0.1 - - [28/Apr/2026 15:34:00] "GET /favorites?user_id=1 HTTP/1.1" 200 -
[LARAVEL]   2026-04-28 15:34:00 /api/favorites ............................... ~ 0.27ms
